2017-11-01 13:01:05.965 ERROR 5028 --- [main] o.s.b.l.LoggingApplicationListener       : Cannot set level: debug  for 'com.mybatis.controller'
2017-11-01 13:01:06.034  INFO 5028 --- [main] com.mybatis.SpringMybatisApplication     : Starting SpringMybatisApplication on oubili with PID 5028 (started by bili.ou in F:\self-study-project\[tz]springboot+mybatis\SpringBootMybatis)
2017-11-01 13:01:06.034  INFO 5028 --- [main] com.mybatis.SpringMybatisApplication     : No active profile set, falling back to default profiles: default
2017-11-01 13:01:06.075  INFO 5028 --- [main] ationConfigEmbeddedWebApplicationContext : Refreshing org.springframework.boot.context.embedded.AnnotationConfigEmbeddedWebApplicationContext@6156496: startup date [Wed Nov 01 13:01:06 CST 2017]; root of context hierarchy
2017-11-01 13:01:06.930  INFO 5028 --- [main] trationDelegate$BeanPostProcessorChecker : Bean 'org.springframework.transaction.annotation.ProxyTransactionManagementConfiguration' of type [org.springframework.transaction.annotation.ProxyTransactionManagementConfiguration$$EnhancerBySpringCGLIB$$bf852028] is not eligible for getting processed by all BeanPostProcessors (for example: not eligible for auto-proxying)
2017-11-01 13:01:07.266  INFO 5028 --- [main] s.b.c.e.t.TomcatEmbeddedServletContainer : Tomcat initialized with port(s): 8080 (http)
2017-11-01 13:01:07.279  INFO 5028 --- [main] o.apache.catalina.core.StandardService   : Starting service Tomcat
2017-11-01 13:01:07.281  INFO 5028 --- [main] org.apache.catalina.core.StandardEngine  : Starting Servlet Engine: Apache Tomcat/8.5.11
2017-11-01 13:01:07.364  INFO 5028 --- [localhost-startStop-1] o.a.c.c.C.[Tomcat].[localhost].[/]       : Initializing Spring embedded WebApplicationContext
2017-11-01 13:01:07.364  INFO 5028 --- [localhost-startStop-1] o.s.web.context.ContextLoader            : Root WebApplicationContext: initialization completed in 1292 ms
2017-11-01 13:01:07.528  INFO 5028 --- [localhost-startStop-1] o.s.b.w.servlet.ServletRegistrationBean  : Mapping servlet: 'dispatcherServlet' to [/]
2017-11-01 13:01:07.531  INFO 5028 --- [localhost-startStop-1] o.s.b.w.servlet.FilterRegistrationBean   : Mapping filter: 'characterEncodingFilter' to: [/*]
2017-11-01 13:01:07.532  INFO 5028 --- [localhost-startStop-1] o.s.b.w.servlet.FilterRegistrationBean   : Mapping filter: 'hiddenHttpMethodFilter' to: [/*]
2017-11-01 13:01:07.532  INFO 5028 --- [localhost-startStop-1] o.s.b.w.servlet.FilterRegistrationBean   : Mapping filter: 'httpPutFormContentFilter' to: [/*]
2017-11-01 13:01:07.532  INFO 5028 --- [localhost-startStop-1] o.s.b.w.servlet.FilterRegistrationBean   : Mapping filter: 'requestContextFilter' to: [/*]
2017-11-01 13:01:08.039  INFO 5028 --- [main] s.w.s.m.m.a.RequestMappingHandlerAdapter : Looking for @ControllerAdvice: org.springframework.boot.context.embedded.AnnotationConfigEmbeddedWebApplicationContext@6156496: startup date [Wed Nov 01 13:01:06 CST 2017]; root of context hierarchy
2017-11-01 13:01:08.090  INFO 5028 --- [main] s.w.s.m.m.a.RequestMappingHandlerMapping : Mapped "{[/accountMybatisTwo/list],methods=[GET]}" onto public java.util.List<com.mybatis.entity.Account> com.mybatis.controller.AccountControllerTwo.getAccounts()
2017-11-01 13:01:08.093  INFO 5028 --- [main] s.w.s.m.m.a.RequestMappingHandlerMapping : Mapped "{[/error]}" onto public org.springframework.http.ResponseEntity<java.util.Map<java.lang.String, java.lang.Object>> org.springframework.boot.autoconfigure.web.BasicErrorController.error(javax.servlet.http.HttpServletRequest)
2017-11-01 13:01:08.093  INFO 5028 --- [main] s.w.s.m.m.a.RequestMappingHandlerMapping : Mapped "{[/error],produces=[text/html]}" onto public org.springframework.web.servlet.ModelAndView org.springframework.boot.autoconfigure.web.BasicErrorController.errorHtml(javax.servlet.http.HttpServletRequest,javax.servlet.http.HttpServletResponse)
2017-11-01 13:01:08.117  INFO 5028 --- [main] o.s.w.s.handler.SimpleUrlHandlerMapping  : Mapped URL path [/webjars/**] onto handler of type [class org.springframework.web.servlet.resource.ResourceHttpRequestHandler]
2017-11-01 13:01:08.118  INFO 5028 --- [main] o.s.w.s.handler.SimpleUrlHandlerMapping  : Mapped URL path [/**] onto handler of type [class org.springframework.web.servlet.resource.ResourceHttpRequestHandler]
2017-11-01 13:01:08.150  INFO 5028 --- [main] o.s.w.s.handler.SimpleUrlHandlerMapping  : Mapped URL path [/**/favicon.ico] onto handler of type [class org.springframework.web.servlet.resource.ResourceHttpRequestHandler]
2017-11-01 13:01:08.320  INFO 5028 --- [main] o.s.j.e.a.AnnotationMBeanExporter        : Registering beans for JMX exposure on startup
2017-11-01 13:01:08.329  INFO 5028 --- [main] o.s.j.e.a.AnnotationMBeanExporter        : Bean with name 'dataSource' has been autodetected for JMX exposure
2017-11-01 13:01:08.334  INFO 5028 --- [main] o.s.j.e.a.AnnotationMBeanExporter        : Located MBean 'dataSource': registering with JMX server as MBean [com.alibaba.druid.pool:name=dataSource,type=DruidDataSource]
2017-11-01 13:01:08.383  INFO 5028 --- [main] s.b.c.e.t.TomcatEmbeddedServletContainer : Tomcat started on port(s): 8080 (http)
2017-11-01 13:01:08.387  INFO 5028 --- [main] com.mybatis.SpringMybatisApplication     : Started SpringMybatisApplication in 2.637 seconds (JVM running for 2.97)
2017-11-01 13:01:14.658  INFO 5028 --- [http-nio-8080-exec-1] o.a.c.c.C.[Tomcat].[localhost].[/]       : Initializing Spring FrameworkServlet 'dispatcherServlet'
2017-11-01 13:01:14.658  INFO 5028 --- [http-nio-8080-exec-1] o.s.web.servlet.DispatcherServlet        : FrameworkServlet 'dispatcherServlet': initialization started
2017-11-01 13:01:14.674  INFO 5028 --- [http-nio-8080-exec-1] o.s.web.servlet.DispatcherServlet        : FrameworkServlet 'dispatcherServlet': initialization completed in 16 ms
2017-11-01 13:01:14.696  INFO 5028 --- [http-nio-8080-exec-1] com.mybatis.SpringMybatisApplication     : This is an info message
2017-11-01 13:01:14.696  WARN 5028 --- [http-nio-8080-exec-1] com.mybatis.SpringMybatisApplication     : This is a warn message
2017-11-01 13:01:14.696 ERROR 5028 --- [http-nio-8080-exec-1] com.mybatis.SpringMybatisApplication     : This is an error message
2017-11-01 13:01:14.851  INFO 5028 --- [http-nio-8080-exec-1] com.alibaba.druid.pool.DruidDataSource   : {dataSource-1} inited
2017-11-01 15:24:33.069 ERROR 11352 --- [main] o.s.b.l.LoggingApplicationListener       : Cannot set level: debug  for 'com.mybatis.controller'
2017-11-01 15:24:33.137  INFO 11352 --- [main] com.mybatis.SpringMybatisApplication     : Starting SpringMybatisApplication on oubili with PID 11352 (started by bili.ou in F:\self-study-project\[tz]springboot+mybatis\SpringBootMybatis)
2017-11-01 15:24:33.137  INFO 11352 --- [main] com.mybatis.SpringMybatisApplication     : No active profile set, falling back to default profiles: default
2017-11-01 15:24:33.178  INFO 11352 --- [main] ationConfigEmbeddedWebApplicationContext : Refreshing org.springframework.boot.context.embedded.AnnotationConfigEmbeddedWebApplicationContext@6156496: startup date [Wed Nov 01 15:24:33 CST 2017]; root of context hierarchy
2017-11-01 15:24:34.044  INFO 11352 --- [main] trationDelegate$BeanPostProcessorChecker : Bean 'org.springframework.transaction.annotation.ProxyTransactionManagementConfiguration' of type [org.springframework.transaction.annotation.ProxyTransactionManagementConfiguration$$EnhancerBySpringCGLIB$$c64e5023] is not eligible for getting processed by all BeanPostProcessors (for example: not eligible for auto-proxying)
2017-11-01 15:24:34.387  INFO 11352 --- [main] s.b.c.e.t.TomcatEmbeddedServletContainer : Tomcat initialized with port(s): 8080 (http)
2017-11-01 15:24:34.401  INFO 11352 --- [main] o.apache.catalina.core.StandardService   : Starting service Tomcat
2017-11-01 15:24:34.402  INFO 11352 --- [main] org.apache.catalina.core.StandardEngine  : Starting Servlet Engine: Apache Tomcat/8.5.11
2017-11-01 15:24:34.548  INFO 11352 --- [localhost-startStop-1] o.a.c.c.C.[Tomcat].[localhost].[/]       : Initializing Spring embedded WebApplicationContext
2017-11-01 15:24:34.549  INFO 11352 --- [localhost-startStop-1] o.s.web.context.ContextLoader            : Root WebApplicationContext: initialization completed in 1375 ms
2017-11-01 15:24:34.685  INFO 11352 --- [localhost-startStop-1] o.s.b.w.servlet.ServletRegistrationBean  : Mapping servlet: 'dispatcherServlet' to [/]
2017-11-01 15:24:34.690  INFO 11352 --- [localhost-startStop-1] o.s.b.w.servlet.FilterRegistrationBean   : Mapping filter: 'characterEncodingFilter' to: [/*]
2017-11-01 15:24:34.691  INFO 11352 --- [localhost-startStop-1] o.s.b.w.servlet.FilterRegistrationBean   : Mapping filter: 'hiddenHttpMethodFilter' to: [/*]
2017-11-01 15:24:34.691  INFO 11352 --- [localhost-startStop-1] o.s.b.w.servlet.FilterRegistrationBean   : Mapping filter: 'httpPutFormContentFilter' to: [/*]
2017-11-01 15:24:34.691  INFO 11352 --- [localhost-startStop-1] o.s.b.w.servlet.FilterRegistrationBean   : Mapping filter: 'requestContextFilter' to: [/*]
2017-11-01 15:24:35.264  INFO 11352 --- [main] s.w.s.m.m.a.RequestMappingHandlerAdapter : Looking for @ControllerAdvice: org.springframework.boot.context.embedded.AnnotationConfigEmbeddedWebApplicationContext@6156496: startup date [Wed Nov 01 15:24:33 CST 2017]; root of context hierarchy
2017-11-01 15:24:35.323  INFO 11352 --- [main] s.w.s.m.m.a.RequestMappingHandlerMapping : Mapped "{[/accountMybatisTwo/account],methods=[DELETE]}" onto public int com.mybatis.controller.AccountControllerTwo.deleteAccount(java.lang.Integer)
2017-11-01 15:24:35.325  INFO 11352 --- [main] s.w.s.m.m.a.RequestMappingHandlerMapping : Mapped "{[/accountMybatisTwo/account],methods=[POST]}" onto public int com.mybatis.controller.AccountControllerTwo.addAccount(java.lang.Integer,java.lang.String,double)
2017-11-01 15:24:35.325  INFO 11352 --- [main] s.w.s.m.m.a.RequestMappingHandlerMapping : Mapped "{[/accountMybatisTwo/accounts],methods=[GET]}" onto public java.util.List<com.mybatis.entity.Account> com.mybatis.controller.AccountControllerTwo.getAccounts()
2017-11-01 15:24:35.325  INFO 11352 --- [main] s.w.s.m.m.a.RequestMappingHandlerMapping : Mapped "{[/accountMybatisTwo/account],methods=[PATCH]}" onto public int com.mybatis.controller.AccountControllerTwo.updateAccount(java.lang.Integer,java.lang.String)
2017-11-01 15:24:35.327  INFO 11352 --- [main] s.w.s.m.m.a.RequestMappingHandlerMapping : Mapped "{[/error]}" onto public org.springframework.http.ResponseEntity<java.util.Map<java.lang.String, java.lang.Object>> org.springframework.boot.autoconfigure.web.BasicErrorController.error(javax.servlet.http.HttpServletRequest)
2017-11-01 15:24:35.327  INFO 11352 --- [main] s.w.s.m.m.a.RequestMappingHandlerMapping : Mapped "{[/error],produces=[text/html]}" onto public org.springframework.web.servlet.ModelAndView org.springframework.boot.autoconfigure.web.BasicErrorController.errorHtml(javax.servlet.http.HttpServletRequest,javax.servlet.http.HttpServletResponse)
2017-11-01 15:24:35.352  INFO 11352 --- [main] o.s.w.s.handler.SimpleUrlHandlerMapping  : Mapped URL path [/webjars/**] onto handler of type [class org.springframework.web.servlet.resource.ResourceHttpRequestHandler]
2017-11-01 15:24:35.352  INFO 11352 --- [main] o.s.w.s.handler.SimpleUrlHandlerMapping  : Mapped URL path [/**] onto handler of type [class org.springframework.web.servlet.resource.ResourceHttpRequestHandler]
2017-11-01 15:24:35.394  INFO 11352 --- [main] o.s.w.s.handler.SimpleUrlHandlerMapping  : Mapped URL path [/**/favicon.ico] onto handler of type [class org.springframework.web.servlet.resource.ResourceHttpRequestHandler]
2017-11-01 15:24:35.631  INFO 11352 --- [main] o.s.j.e.a.AnnotationMBeanExporter        : Registering beans for JMX exposure on startup
2017-11-01 15:24:35.633  INFO 11352 --- [main] o.s.j.e.a.AnnotationMBeanExporter        : Bean with name 'dataSource' has been autodetected for JMX exposure
2017-11-01 15:24:35.637  INFO 11352 --- [main] o.s.j.e.a.AnnotationMBeanExporter        : Located MBean 'dataSource': registering with JMX server as MBean [com.alibaba.druid.pool:name=dataSource,type=DruidDataSource]
2017-11-01 15:24:35.693  INFO 11352 --- [main] s.b.c.e.t.TomcatEmbeddedServletContainer : Tomcat started on port(s): 8080 (http)
2017-11-01 15:24:35.697  INFO 11352 --- [main] com.mybatis.SpringMybatisApplication     : Started SpringMybatisApplication in 2.836 seconds (JVM running for 3.116)
2017-11-01 15:24:41.439  INFO 11352 --- [http-nio-8080-exec-1] o.a.c.c.C.[Tomcat].[localhost].[/]       : Initializing Spring FrameworkServlet 'dispatcherServlet'
2017-11-01 15:24:41.440  INFO 11352 --- [http-nio-8080-exec-1] o.s.web.servlet.DispatcherServlet        : FrameworkServlet 'dispatcherServlet': initialization started
2017-11-01 15:24:41.455  INFO 11352 --- [http-nio-8080-exec-1] o.s.web.servlet.DispatcherServlet        : FrameworkServlet 'dispatcherServlet': initialization completed in 15 ms
2017-11-01 15:24:48.809  INFO 11352 --- [http-nio-8080-exec-3] com.mybatis.SpringMybatisApplication     : This is an info message
2017-11-01 15:24:48.810  WARN 11352 --- [http-nio-8080-exec-3] com.mybatis.SpringMybatisApplication     : This is a warn message
2017-11-01 15:24:48.810 ERROR 11352 --- [http-nio-8080-exec-3] com.mybatis.SpringMybatisApplication     : This is an error message
2017-11-01 15:24:48.877  INFO 11352 --- [http-nio-8080-exec-3] com.alibaba.druid.pool.DruidDataSource   : {dataSource-1} inited
2017-11-01 15:26:27.389  INFO 11352 --- [http-nio-8080-exec-8] com.mybatis.SpringMybatisApplication     : 增加
2017-11-01 15:26:27.436  INFO 11352 --- [http-nio-8080-exec-8] o.s.b.f.xml.XmlBeanDefinitionReader      : Loading XML bean definitions from class path resource [org/springframework/jdbc/support/sql-error-codes.xml]
2017-11-01 15:26:27.469  INFO 11352 --- [http-nio-8080-exec-8] o.s.jdbc.support.SQLErrorCodesFactory    : SQLErrorCodes loaded: [DB2, Derby, H2, HSQL, Informix, MS-SQL, MySQL, Oracle, PostgreSQL, Sybase, Hana]
2017-11-01 15:26:27.481 ERROR 11352 --- [http-nio-8080-exec-8] o.a.c.c.C.[.[.[/].[dispatcherServlet]    : Servlet.service() for servlet [dispatcherServlet] in context with path [] threw exception [Request processing failed; nested exception is org.springframework.jdbc.BadSqlGrammarException: 
### Error updating database.  Cause: java.sql.SQLSyntaxErrorException: ORA-00903: 表名无效

### The error may involve com.mybatis.dao.AccountMapperTwo.addAccount-Inline
### The error occurred while setting parameters
### SQL: INSERT INTO USER(ID, NAME, AGE) VALUES(?, ?, ?)
### Cause: java.sql.SQLSyntaxErrorException: ORA-00903: 表名无效

; bad SQL grammar []; nested exception is java.sql.SQLSyntaxErrorException: ORA-00903: 表名无效
] with root cause

java.sql.SQLSyntaxErrorException: ORA-00903: 表名无效

	at oracle.jdbc.driver.T4CTTIoer.processError(T4CTTIoer.java:450)
	at oracle.jdbc.driver.T4CTTIoer.processError(T4CTTIoer.java:399)
	at oracle.jdbc.driver.T4C8Oall.processError(T4C8Oall.java:1059)
	at oracle.jdbc.driver.T4CTTIfun.receive(T4CTTIfun.java:522)
	at oracle.jdbc.driver.T4CTTIfun.doRPC(T4CTTIfun.java:257)
	at oracle.jdbc.driver.T4C8Oall.doOALL(T4C8Oall.java:587)
	at oracle.jdbc.driver.T4CPreparedStatement.doOall8(T4CPreparedStatement.java:225)
	at oracle.jdbc.driver.T4CPreparedStatement.doOall8(T4CPreparedStatement.java:53)
	at oracle.jdbc.driver.T4CPreparedStatement.executeForRows(T4CPreparedStatement.java:943)
	at oracle.jdbc.driver.OracleStatement.doExecuteWithTimeout(OracleStatement.java:1150)
	at oracle.jdbc.driver.OraclePreparedStatement.executeInternal(OraclePreparedStatement.java:4798)
	at oracle.jdbc.driver.OraclePreparedStatement.execute(OraclePreparedStatement.java:4901)
	at oracle.jdbc.driver.OraclePreparedStatementWrapper.execute(OraclePreparedStatementWrapper.java:1385)
	at com.alibaba.druid.pool.DruidPooledPreparedStatement.execute(DruidPooledPreparedStatement.java:493)
	at org.apache.ibatis.executor.statement.PreparedStatementHandler.update(PreparedStatementHandler.java:46)
	at org.apache.ibatis.executor.statement.RoutingStatementHandler.update(RoutingStatementHandler.java:74)
	at org.apache.ibatis.executor.SimpleExecutor.doUpdate(SimpleExecutor.java:50)
	at org.apache.ibatis.executor.BaseExecutor.update(BaseExecutor.java:117)
	at org.apache.ibatis.executor.CachingExecutor.update(CachingExecutor.java:76)
	at org.apache.ibatis.session.defaults.DefaultSqlSession.update(DefaultSqlSession.java:198)
	at org.apache.ibatis.session.defaults.DefaultSqlSession.insert(DefaultSqlSession.java:185)
	at sun.reflect.NativeMethodAccessorImpl.invoke0(Native Method)
	at sun.reflect.NativeMethodAccessorImpl.invoke(NativeMethodAccessorImpl.java:62)
	at sun.reflect.DelegatingMethodAccessorImpl.invoke(DelegatingMethodAccessorImpl.java:43)
	at java.lang.reflect.Method.invoke(Method.java:497)
	at org.mybatis.spring.SqlSessionTemplate$SqlSessionInterceptor.invoke(SqlSessionTemplate.java:433)
	at com.sun.proxy.$Proxy57.insert(Unknown Source)
	at org.mybatis.spring.SqlSessionTemplate.insert(SqlSessionTemplate.java:278)
	at org.apache.ibatis.binding.MapperMethod.execute(MapperMethod.java:57)
	at org.apache.ibatis.binding.MapperProxy.invoke(MapperProxy.java:59)
	at com.sun.proxy.$Proxy58.addAccount(Unknown Source)
	at com.mybatis.service.AccountServiceTwo.addAccount(AccountServiceTwo.java:22)
	at com.mybatis.controller.AccountControllerTwo.addAccount(AccountControllerTwo.java:46)
	at sun.reflect.NativeMethodAccessorImpl.invoke0(Native Method)
	at sun.reflect.NativeMethodAccessorImpl.invoke(NativeMethodAccessorImpl.java:62)
	at sun.reflect.DelegatingMethodAccessorImpl.invoke(DelegatingMethodAccessorImpl.java:43)
	at java.lang.reflect.Method.invoke(Method.java:497)
	at org.springframework.web.method.support.InvocableHandlerMethod.doInvoke(InvocableHandlerMethod.java:205)
	at org.springframework.web.method.support.InvocableHandlerMethod.invokeForRequest(InvocableHandlerMethod.java:133)
	at org.springframework.web.servlet.mvc.method.annotation.ServletInvocableHandlerMethod.invokeAndHandle(ServletInvocableHandlerMethod.java:116)
	at org.springframework.web.servlet.mvc.method.annotation.RequestMappingHandlerAdapter.invokeHandlerMethod(RequestMappingHandlerAdapter.java:827)
	at org.springframework.web.servlet.mvc.method.annotation.RequestMappingHandlerAdapter.handleInternal(RequestMappingHandlerAdapter.java:738)
	at org.springframework.web.servlet.mvc.method.AbstractHandlerMethodAdapter.handle(AbstractHandlerMethodAdapter.java:85)
	at org.springframework.web.servlet.DispatcherServlet.doDispatch(DispatcherServlet.java:963)
	at org.springframework.web.servlet.DispatcherServlet.doService(DispatcherServlet.java:897)
	at org.springframework.web.servlet.FrameworkServlet.processRequest(FrameworkServlet.java:970)
	at org.springframework.web.servlet.FrameworkServlet.doPost(FrameworkServlet.java:872)
	at javax.servlet.http.HttpServlet.service(HttpServlet.java:648)
	at org.springframework.web.servlet.FrameworkServlet.service(FrameworkServlet.java:846)
	at javax.servlet.http.HttpServlet.service(HttpServlet.java:729)
	at org.apache.catalina.core.ApplicationFilterChain.internalDoFilter(ApplicationFilterChain.java:230)
	at org.apache.catalina.core.ApplicationFilterChain.doFilter(ApplicationFilterChain.java:165)
	at org.apache.tomcat.websocket.server.WsFilter.doFilter(WsFilter.java:52)
	at org.apache.catalina.core.ApplicationFilterChain.internalDoFilter(ApplicationFilterChain.java:192)
	at org.apache.catalina.core.ApplicationFilterChain.doFilter(ApplicationFilterChain.java:165)
	at org.springframework.web.filter.RequestContextFilter.doFilterInternal(RequestContextFilter.java:99)
	at org.springframework.web.filter.OncePerRequestFilter.doFilter(OncePerRequestFilter.java:107)
	at org.apache.catalina.core.ApplicationFilterChain.internalDoFilter(ApplicationFilterChain.java:192)
	at org.apache.catalina.core.ApplicationFilterChain.doFilter(ApplicationFilterChain.java:165)
	at org.springframework.web.filter.HttpPutFormContentFilter.doFilterInternal(HttpPutFormContentFilter.java:105)
	at org.springframework.web.filter.OncePerRequestFilter.doFilter(OncePerRequestFilter.java:107)
	at org.apache.catalina.core.ApplicationFilterChain.internalDoFilter(ApplicationFilterChain.java:192)
	at org.apache.catalina.core.ApplicationFilterChain.doFilter(ApplicationFilterChain.java:165)
	at org.springframework.web.filter.HiddenHttpMethodFilter.doFilterInternal(HiddenHttpMethodFilter.java:81)
	at org.springframework.web.filter.OncePerRequestFilter.doFilter(OncePerRequestFilter.java:107)
	at org.apache.catalina.core.ApplicationFilterChain.internalDoFilter(ApplicationFilterChain.java:192)
	at org.apache.catalina.core.ApplicationFilterChain.doFilter(ApplicationFilterChain.java:165)
	at org.springframework.web.filter.CharacterEncodingFilter.doFilterInternal(CharacterEncodingFilter.java:197)
	at org.springframework.web.filter.OncePerRequestFilter.doFilter(OncePerRequestFilter.java:107)
	at org.apache.catalina.core.ApplicationFilterChain.internalDoFilter(ApplicationFilterChain.java:192)
	at org.apache.catalina.core.ApplicationFilterChain.doFilter(ApplicationFilterChain.java:165)
	at org.apache.catalina.core.StandardWrapperValve.invoke(StandardWrapperValve.java:198)
	at org.apache.catalina.core.StandardContextValve.invoke(StandardContextValve.java:96)
	at org.apache.catalina.authenticator.AuthenticatorBase.invoke(AuthenticatorBase.java:474)
	at org.apache.catalina.core.StandardHostValve.invoke(StandardHostValve.java:140)
	at org.apache.catalina.valves.ErrorReportValve.invoke(ErrorReportValve.java:79)
	at org.apache.catalina.core.StandardEngineValve.invoke(StandardEngineValve.java:87)
	at org.apache.catalina.connector.CoyoteAdapter.service(CoyoteAdapter.java:349)
	at org.apache.coyote.http11.Http11Processor.service(Http11Processor.java:783)
	at org.apache.coyote.AbstractProcessorLight.process(AbstractProcessorLight.java:66)
	at org.apache.coyote.AbstractProtocol$ConnectionHandler.process(AbstractProtocol.java:798)
	at org.apache.tomcat.util.net.NioEndpoint$SocketProcessor.doRun(NioEndpoint.java:1434)
	at org.apache.tomcat.util.net.SocketProcessorBase.run(SocketProcessorBase.java:49)
	at java.util.concurrent.ThreadPoolExecutor.runWorker(ThreadPoolExecutor.java:1142)
	at java.util.concurrent.ThreadPoolExecutor$Worker.run(ThreadPoolExecutor.java:617)
	at org.apache.tomcat.util.threads.TaskThread$WrappingRunnable.run(TaskThread.java:61)
	at java.lang.Thread.run(Thread.java:745)

2017-11-01 15:27:14.932 ERROR 8732 --- [main] o.s.b.l.LoggingApplicationListener       : Cannot set level: debug  for 'com.mybatis.controller'
2017-11-01 15:27:15.001  INFO 8732 --- [main] com.mybatis.SpringMybatisApplication     : Starting SpringMybatisApplication on oubili with PID 8732 (started by bili.ou in F:\self-study-project\[tz]springboot+mybatis\SpringBootMybatis)
2017-11-01 15:27:15.001  INFO 8732 --- [main] com.mybatis.SpringMybatisApplication     : No active profile set, falling back to default profiles: default
2017-11-01 15:27:15.044  INFO 8732 --- [main] ationConfigEmbeddedWebApplicationContext : Refreshing org.springframework.boot.context.embedded.AnnotationConfigEmbeddedWebApplicationContext@6156496: startup date [Wed Nov 01 15:27:15 CST 2017]; root of context hierarchy
2017-11-01 15:27:15.937  INFO 8732 --- [main] trationDelegate$BeanPostProcessorChecker : Bean 'org.springframework.transaction.annotation.ProxyTransactionManagementConfiguration' of type [org.springframework.transaction.annotation.ProxyTransactionManagementConfiguration$$EnhancerBySpringCGLIB$$a0a61810] is not eligible for getting processed by all BeanPostProcessors (for example: not eligible for auto-proxying)
2017-11-01 15:27:16.254  INFO 8732 --- [main] s.b.c.e.t.TomcatEmbeddedServletContainer : Tomcat initialized with port(s): 8080 (http)
2017-11-01 15:27:16.279  INFO 8732 --- [main] o.apache.catalina.core.StandardService   : Starting service Tomcat
2017-11-01 15:27:16.280  INFO 8732 --- [main] org.apache.catalina.core.StandardEngine  : Starting Servlet Engine: Apache Tomcat/8.5.11
2017-11-01 15:27:16.403  INFO 8732 --- [localhost-startStop-1] o.a.c.c.C.[Tomcat].[localhost].[/]       : Initializing Spring embedded WebApplicationContext
2017-11-01 15:27:16.404  INFO 8732 --- [localhost-startStop-1] o.s.web.context.ContextLoader            : Root WebApplicationContext: initialization completed in 1365 ms
2017-11-01 15:27:16.513  INFO 8732 --- [localhost-startStop-1] o.s.b.w.servlet.ServletRegistrationBean  : Mapping servlet: 'dispatcherServlet' to [/]
2017-11-01 15:27:16.517  INFO 8732 --- [localhost-startStop-1] o.s.b.w.servlet.FilterRegistrationBean   : Mapping filter: 'characterEncodingFilter' to: [/*]
2017-11-01 15:27:16.517  INFO 8732 --- [localhost-startStop-1] o.s.b.w.servlet.FilterRegistrationBean   : Mapping filter: 'hiddenHttpMethodFilter' to: [/*]
2017-11-01 15:27:16.519  INFO 8732 --- [localhost-startStop-1] o.s.b.w.servlet.FilterRegistrationBean   : Mapping filter: 'httpPutFormContentFilter' to: [/*]
2017-11-01 15:27:16.519  INFO 8732 --- [localhost-startStop-1] o.s.b.w.servlet.FilterRegistrationBean   : Mapping filter: 'requestContextFilter' to: [/*]
2017-11-01 15:27:16.997  INFO 8732 --- [main] s.w.s.m.m.a.RequestMappingHandlerAdapter : Looking for @ControllerAdvice: org.springframework.boot.context.embedded.AnnotationConfigEmbeddedWebApplicationContext@6156496: startup date [Wed Nov 01 15:27:15 CST 2017]; root of context hierarchy
2017-11-01 15:27:17.049  INFO 8732 --- [main] s.w.s.m.m.a.RequestMappingHandlerMapping : Mapped "{[/accountMybatisTwo/account],methods=[DELETE]}" onto public int com.mybatis.controller.AccountControllerTwo.deleteAccount(java.lang.Integer)
2017-11-01 15:27:17.050  INFO 8732 --- [main] s.w.s.m.m.a.RequestMappingHandlerMapping : Mapped "{[/accountMybatisTwo/account],methods=[POST]}" onto public int com.mybatis.controller.AccountControllerTwo.addAccount(java.lang.Integer,java.lang.String,double)
2017-11-01 15:27:17.050  INFO 8732 --- [main] s.w.s.m.m.a.RequestMappingHandlerMapping : Mapped "{[/accountMybatisTwo/accounts],methods=[GET]}" onto public java.util.List<com.mybatis.entity.Account> com.mybatis.controller.AccountControllerTwo.getAccounts()
2017-11-01 15:27:17.051  INFO 8732 --- [main] s.w.s.m.m.a.RequestMappingHandlerMapping : Mapped "{[/accountMybatisTwo/account],methods=[PATCH]}" onto public int com.mybatis.controller.AccountControllerTwo.updateAccount(java.lang.Integer,java.lang.String)
2017-11-01 15:27:17.052  INFO 8732 --- [main] s.w.s.m.m.a.RequestMappingHandlerMapping : Mapped "{[/error]}" onto public org.springframework.http.ResponseEntity<java.util.Map<java.lang.String, java.lang.Object>> org.springframework.boot.autoconfigure.web.BasicErrorController.error(javax.servlet.http.HttpServletRequest)
2017-11-01 15:27:17.052  INFO 8732 --- [main] s.w.s.m.m.a.RequestMappingHandlerMapping : Mapped "{[/error],produces=[text/html]}" onto public org.springframework.web.servlet.ModelAndView org.springframework.boot.autoconfigure.web.BasicErrorController.errorHtml(javax.servlet.http.HttpServletRequest,javax.servlet.http.HttpServletResponse)
2017-11-01 15:27:17.074  INFO 8732 --- [main] o.s.w.s.handler.SimpleUrlHandlerMapping  : Mapped URL path [/webjars/**] onto handler of type [class org.springframework.web.servlet.resource.ResourceHttpRequestHandler]
2017-11-01 15:27:17.074  INFO 8732 --- [main] o.s.w.s.handler.SimpleUrlHandlerMapping  : Mapped URL path [/**] onto handler of type [class org.springframework.web.servlet.resource.ResourceHttpRequestHandler]
2017-11-01 15:27:17.103  INFO 8732 --- [main] o.s.w.s.handler.SimpleUrlHandlerMapping  : Mapped URL path [/**/favicon.ico] onto handler of type [class org.springframework.web.servlet.resource.ResourceHttpRequestHandler]
2017-11-01 15:27:17.277  INFO 8732 --- [main] o.s.j.e.a.AnnotationMBeanExporter        : Registering beans for JMX exposure on startup
2017-11-01 15:27:17.280  INFO 8732 --- [main] o.s.j.e.a.AnnotationMBeanExporter        : Bean with name 'dataSource' has been autodetected for JMX exposure
2017-11-01 15:27:17.285  INFO 8732 --- [main] o.s.j.e.a.AnnotationMBeanExporter        : Located MBean 'dataSource': registering with JMX server as MBean [com.alibaba.druid.pool:name=dataSource,type=DruidDataSource]
2017-11-01 15:27:17.338  INFO 8732 --- [main] s.b.c.e.t.TomcatEmbeddedServletContainer : Tomcat started on port(s): 8080 (http)
2017-11-01 15:27:17.342  INFO 8732 --- [main] com.mybatis.SpringMybatisApplication     : Started SpringMybatisApplication in 2.621 seconds (JVM running for 2.925)
2017-11-01 15:29:59.392  INFO 8732 --- [http-nio-8080-exec-2] o.a.c.c.C.[Tomcat].[localhost].[/]       : Initializing Spring FrameworkServlet 'dispatcherServlet'
2017-11-01 15:29:59.393  INFO 8732 --- [http-nio-8080-exec-2] o.s.web.servlet.DispatcherServlet        : FrameworkServlet 'dispatcherServlet': initialization started
2017-11-01 15:29:59.409  INFO 8732 --- [http-nio-8080-exec-2] o.s.web.servlet.DispatcherServlet        : FrameworkServlet 'dispatcherServlet': initialization completed in 16 ms
2017-11-01 15:29:59.462  INFO 8732 --- [http-nio-8080-exec-2] com.mybatis.SpringMybatisApplication     : 增加
2017-11-01 15:29:59.616  INFO 8732 --- [http-nio-8080-exec-2] com.alibaba.druid.pool.DruidDataSource   : {dataSource-1} inited
2017-11-01 15:30:00.047  INFO 8732 --- [http-nio-8080-exec-2] o.s.b.f.xml.XmlBeanDefinitionReader      : Loading XML bean definitions from class path resource [org/springframework/jdbc/support/sql-error-codes.xml]
2017-11-01 15:30:00.081  INFO 8732 --- [http-nio-8080-exec-2] o.s.jdbc.support.SQLErrorCodesFactory    : SQLErrorCodes loaded: [DB2, Derby, H2, HSQL, Informix, MS-SQL, MySQL, Oracle, PostgreSQL, Sybase, Hana]
2017-11-01 15:30:00.097 ERROR 8732 --- [http-nio-8080-exec-2] o.a.c.c.C.[.[.[/].[dispatcherServlet]    : Servlet.service() for servlet [dispatcherServlet] in context with path [] threw exception [Request processing failed; nested exception is org.springframework.jdbc.BadSqlGrammarException: 
### Error updating database.  Cause: java.sql.SQLSyntaxErrorException: ORA-00903: 表名无效

### The error may involve com.mybatis.dao.AccountMapperTwo.addAccount-Inline
### The error occurred while setting parameters
### SQL: INSERT INTO USER(ID, NAME, MONEY) VALUES(?, ?, ?)
### Cause: java.sql.SQLSyntaxErrorException: ORA-00903: 表名无效

; bad SQL grammar []; nested exception is java.sql.SQLSyntaxErrorException: ORA-00903: 表名无效
] with root cause

java.sql.SQLSyntaxErrorException: ORA-00903: 表名无效

	at oracle.jdbc.driver.T4CTTIoer.processError(T4CTTIoer.java:450)
	at oracle.jdbc.driver.T4CTTIoer.processError(T4CTTIoer.java:399)
	at oracle.jdbc.driver.T4C8Oall.processError(T4C8Oall.java:1059)
	at oracle.jdbc.driver.T4CTTIfun.receive(T4CTTIfun.java:522)
	at oracle.jdbc.driver.T4CTTIfun.doRPC(T4CTTIfun.java:257)
	at oracle.jdbc.driver.T4C8Oall.doOALL(T4C8Oall.java:587)
	at oracle.jdbc.driver.T4CPreparedStatement.doOall8(T4CPreparedStatement.java:225)
	at oracle.jdbc.driver.T4CPreparedStatement.doOall8(T4CPreparedStatement.java:53)
	at oracle.jdbc.driver.T4CPreparedStatement.executeForRows(T4CPreparedStatement.java:943)
	at oracle.jdbc.driver.OracleStatement.doExecuteWithTimeout(OracleStatement.java:1150)
	at oracle.jdbc.driver.OraclePreparedStatement.executeInternal(OraclePreparedStatement.java:4798)
	at oracle.jdbc.driver.OraclePreparedStatement.execute(OraclePreparedStatement.java:4901)
	at oracle.jdbc.driver.OraclePreparedStatementWrapper.execute(OraclePreparedStatementWrapper.java:1385)
	at com.alibaba.druid.pool.DruidPooledPreparedStatement.execute(DruidPooledPreparedStatement.java:493)
	at org.apache.ibatis.executor.statement.PreparedStatementHandler.update(PreparedStatementHandler.java:46)
	at org.apache.ibatis.executor.statement.RoutingStatementHandler.update(RoutingStatementHandler.java:74)
	at org.apache.ibatis.executor.SimpleExecutor.doUpdate(SimpleExecutor.java:50)
	at org.apache.ibatis.executor.BaseExecutor.update(BaseExecutor.java:117)
	at org.apache.ibatis.executor.CachingExecutor.update(CachingExecutor.java:76)
	at org.apache.ibatis.session.defaults.DefaultSqlSession.update(DefaultSqlSession.java:198)
	at org.apache.ibatis.session.defaults.DefaultSqlSession.insert(DefaultSqlSession.java:185)
	at sun.reflect.NativeMethodAccessorImpl.invoke0(Native Method)
	at sun.reflect.NativeMethodAccessorImpl.invoke(NativeMethodAccessorImpl.java:62)
	at sun.reflect.DelegatingMethodAccessorImpl.invoke(DelegatingMethodAccessorImpl.java:43)
	at java.lang.reflect.Method.invoke(Method.java:497)
	at org.mybatis.spring.SqlSessionTemplate$SqlSessionInterceptor.invoke(SqlSessionTemplate.java:433)
	at com.sun.proxy.$Proxy57.insert(Unknown Source)
	at org.mybatis.spring.SqlSessionTemplate.insert(SqlSessionTemplate.java:278)
	at org.apache.ibatis.binding.MapperMethod.execute(MapperMethod.java:57)
	at org.apache.ibatis.binding.MapperProxy.invoke(MapperProxy.java:59)
	at com.sun.proxy.$Proxy58.addAccount(Unknown Source)
	at com.mybatis.service.AccountServiceTwo.addAccount(AccountServiceTwo.java:22)
	at com.mybatis.controller.AccountControllerTwo.addAccount(AccountControllerTwo.java:46)
	at sun.reflect.NativeMethodAccessorImpl.invoke0(Native Method)
	at sun.reflect.NativeMethodAccessorImpl.invoke(NativeMethodAccessorImpl.java:62)
	at sun.reflect.DelegatingMethodAccessorImpl.invoke(DelegatingMethodAccessorImpl.java:43)
	at java.lang.reflect.Method.invoke(Method.java:497)
	at org.springframework.web.method.support.InvocableHandlerMethod.doInvoke(InvocableHandlerMethod.java:205)
	at org.springframework.web.method.support.InvocableHandlerMethod.invokeForRequest(InvocableHandlerMethod.java:133)
	at org.springframework.web.servlet.mvc.method.annotation.ServletInvocableHandlerMethod.invokeAndHandle(ServletInvocableHandlerMethod.java:116)
	at org.springframework.web.servlet.mvc.method.annotation.RequestMappingHandlerAdapter.invokeHandlerMethod(RequestMappingHandlerAdapter.java:827)
	at org.springframework.web.servlet.mvc.method.annotation.RequestMappingHandlerAdapter.handleInternal(RequestMappingHandlerAdapter.java:738)
	at org.springframework.web.servlet.mvc.method.AbstractHandlerMethodAdapter.handle(AbstractHandlerMethodAdapter.java:85)
	at org.springframework.web.servlet.DispatcherServlet.doDispatch(DispatcherServlet.java:963)
	at org.springframework.web.servlet.DispatcherServlet.doService(DispatcherServlet.java:897)
	at org.springframework.web.servlet.FrameworkServlet.processRequest(FrameworkServlet.java:970)
	at org.springframework.web.servlet.FrameworkServlet.doPost(FrameworkServlet.java:872)
	at javax.servlet.http.HttpServlet.service(HttpServlet.java:648)
	at org.springframework.web.servlet.FrameworkServlet.service(FrameworkServlet.java:846)
	at javax.servlet.http.HttpServlet.service(HttpServlet.java:729)
	at org.apache.catalina.core.ApplicationFilterChain.internalDoFilter(ApplicationFilterChain.java:230)
	at org.apache.catalina.core.ApplicationFilterChain.doFilter(ApplicationFilterChain.java:165)
	at org.apache.tomcat.websocket.server.WsFilter.doFilter(WsFilter.java:52)
	at org.apache.catalina.core.ApplicationFilterChain.internalDoFilter(ApplicationFilterChain.java:192)
	at org.apache.catalina.core.ApplicationFilterChain.doFilter(ApplicationFilterChain.java:165)
	at org.springframework.web.filter.RequestContextFilter.doFilterInternal(RequestContextFilter.java:99)
	at org.springframework.web.filter.OncePerRequestFilter.doFilter(OncePerRequestFilter.java:107)
	at org.apache.catalina.core.ApplicationFilterChain.internalDoFilter(ApplicationFilterChain.java:192)
	at org.apache.catalina.core.ApplicationFilterChain.doFilter(ApplicationFilterChain.java:165)
	at org.springframework.web.filter.HttpPutFormContentFilter.doFilterInternal(HttpPutFormContentFilter.java:105)
	at org.springframework.web.filter.OncePerRequestFilter.doFilter(OncePerRequestFilter.java:107)
	at org.apache.catalina.core.ApplicationFilterChain.internalDoFilter(ApplicationFilterChain.java:192)
	at org.apache.catalina.core.ApplicationFilterChain.doFilter(ApplicationFilterChain.java:165)
	at org.springframework.web.filter.HiddenHttpMethodFilter.doFilterInternal(HiddenHttpMethodFilter.java:81)
	at org.springframework.web.filter.OncePerRequestFilter.doFilter(OncePerRequestFilter.java:107)
	at org.apache.catalina.core.ApplicationFilterChain.internalDoFilter(ApplicationFilterChain.java:192)
	at org.apache.catalina.core.ApplicationFilterChain.doFilter(ApplicationFilterChain.java:165)
	at org.springframework.web.filter.CharacterEncodingFilter.doFilterInternal(CharacterEncodingFilter.java:197)
	at org.springframework.web.filter.OncePerRequestFilter.doFilter(OncePerRequestFilter.java:107)
	at org.apache.catalina.core.ApplicationFilterChain.internalDoFilter(ApplicationFilterChain.java:192)
	at org.apache.catalina.core.ApplicationFilterChain.doFilter(ApplicationFilterChain.java:165)
	at org.apache.catalina.core.StandardWrapperValve.invoke(StandardWrapperValve.java:198)
	at org.apache.catalina.core.StandardContextValve.invoke(StandardContextValve.java:96)
	at org.apache.catalina.authenticator.AuthenticatorBase.invoke(AuthenticatorBase.java:474)
	at org.apache.catalina.core.StandardHostValve.invoke(StandardHostValve.java:140)
	at org.apache.catalina.valves.ErrorReportValve.invoke(ErrorReportValve.java:79)
	at org.apache.catalina.core.StandardEngineValve.invoke(StandardEngineValve.java:87)
	at org.apache.catalina.connector.CoyoteAdapter.service(CoyoteAdapter.java:349)
	at org.apache.coyote.http11.Http11Processor.service(Http11Processor.java:783)
	at org.apache.coyote.AbstractProcessorLight.process(AbstractProcessorLight.java:66)
	at org.apache.coyote.AbstractProtocol$ConnectionHandler.process(AbstractProtocol.java:798)
	at org.apache.tomcat.util.net.NioEndpoint$SocketProcessor.doRun(NioEndpoint.java:1434)
	at org.apache.tomcat.util.net.SocketProcessorBase.run(SocketProcessorBase.java:49)
	at java.util.concurrent.ThreadPoolExecutor.runWorker(ThreadPoolExecutor.java:1142)
	at java.util.concurrent.ThreadPoolExecutor$Worker.run(ThreadPoolExecutor.java:617)
	at org.apache.tomcat.util.threads.TaskThread$WrappingRunnable.run(TaskThread.java:61)
	at java.lang.Thread.run(Thread.java:745)

2017-11-01 15:30:16.106 ERROR 3940 --- [main] o.s.b.l.LoggingApplicationListener       : Cannot set level: debug  for 'com.mybatis.controller'
2017-11-01 15:30:16.177  INFO 3940 --- [main] com.mybatis.SpringMybatisApplication     : Starting SpringMybatisApplication on oubili with PID 3940 (started by bili.ou in F:\self-study-project\[tz]springboot+mybatis\SpringBootMybatis)
2017-11-01 15:30:16.177  INFO 3940 --- [main] com.mybatis.SpringMybatisApplication     : No active profile set, falling back to default profiles: default
2017-11-01 15:30:16.219  INFO 3940 --- [main] ationConfigEmbeddedWebApplicationContext : Refreshing org.springframework.boot.context.embedded.AnnotationConfigEmbeddedWebApplicationContext@6156496: startup date [Wed Nov 01 15:30:16 CST 2017]; root of context hierarchy
2017-11-01 15:30:17.115  INFO 3940 --- [main] trationDelegate$BeanPostProcessorChecker : Bean 'org.springframework.transaction.annotation.ProxyTransactionManagementConfiguration' of type [org.springframework.transaction.annotation.ProxyTransactionManagementConfiguration$$EnhancerBySpringCGLIB$$c0b5df9f] is not eligible for getting processed by all BeanPostProcessors (for example: not eligible for auto-proxying)
2017-11-01 15:30:17.502  INFO 3940 --- [main] s.b.c.e.t.TomcatEmbeddedServletContainer : Tomcat initialized with port(s): 8080 (http)
2017-11-01 15:30:17.514  INFO 3940 --- [main] o.apache.catalina.core.StandardService   : Starting service Tomcat
2017-11-01 15:30:17.516  INFO 3940 --- [main] org.apache.catalina.core.StandardEngine  : Starting Servlet Engine: Apache Tomcat/8.5.11
2017-11-01 15:30:17.628  INFO 3940 --- [localhost-startStop-1] o.a.c.c.C.[Tomcat].[localhost].[/]       : Initializing Spring embedded WebApplicationContext
2017-11-01 15:30:17.628  INFO 3940 --- [localhost-startStop-1] o.s.web.context.ContextLoader            : Root WebApplicationContext: initialization completed in 1412 ms
2017-11-01 15:30:17.759  INFO 3940 --- [localhost-startStop-1] o.s.b.w.servlet.ServletRegistrationBean  : Mapping servlet: 'dispatcherServlet' to [/]
2017-11-01 15:30:17.763  INFO 3940 --- [localhost-startStop-1] o.s.b.w.servlet.FilterRegistrationBean   : Mapping filter: 'characterEncodingFilter' to: [/*]
2017-11-01 15:30:17.763  INFO 3940 --- [localhost-startStop-1] o.s.b.w.servlet.FilterRegistrationBean   : Mapping filter: 'hiddenHttpMethodFilter' to: [/*]
2017-11-01 15:30:17.765  INFO 3940 --- [localhost-startStop-1] o.s.b.w.servlet.FilterRegistrationBean   : Mapping filter: 'httpPutFormContentFilter' to: [/*]
2017-11-01 15:30:17.765  INFO 3940 --- [localhost-startStop-1] o.s.b.w.servlet.FilterRegistrationBean   : Mapping filter: 'requestContextFilter' to: [/*]
2017-11-01 15:30:18.340  INFO 3940 --- [main] s.w.s.m.m.a.RequestMappingHandlerAdapter : Looking for @ControllerAdvice: org.springframework.boot.context.embedded.AnnotationConfigEmbeddedWebApplicationContext@6156496: startup date [Wed Nov 01 15:30:16 CST 2017]; root of context hierarchy
2017-11-01 15:30:18.396  INFO 3940 --- [main] s.w.s.m.m.a.RequestMappingHandlerMapping : Mapped "{[/accountMybatisTwo/account],methods=[PATCH]}" onto public int com.mybatis.controller.AccountControllerTwo.updateAccount(java.lang.Integer,java.lang.String)
2017-11-01 15:30:18.397  INFO 3940 --- [main] s.w.s.m.m.a.RequestMappingHandlerMapping : Mapped "{[/accountMybatisTwo/account],methods=[DELETE]}" onto public int com.mybatis.controller.AccountControllerTwo.deleteAccount(java.lang.Integer)
2017-11-01 15:30:18.398  INFO 3940 --- [main] s.w.s.m.m.a.RequestMappingHandlerMapping : Mapped "{[/accountMybatisTwo/accounts],methods=[GET]}" onto public java.util.List<com.mybatis.entity.Account> com.mybatis.controller.AccountControllerTwo.getAccounts()
2017-11-01 15:30:18.398  INFO 3940 --- [main] s.w.s.m.m.a.RequestMappingHandlerMapping : Mapped "{[/accountMybatisTwo/account],methods=[POST]}" onto public int com.mybatis.controller.AccountControllerTwo.addAccount(java.lang.Integer,java.lang.String,double)
2017-11-01 15:30:18.399  INFO 3940 --- [main] s.w.s.m.m.a.RequestMappingHandlerMapping : Mapped "{[/error]}" onto public org.springframework.http.ResponseEntity<java.util.Map<java.lang.String, java.lang.Object>> org.springframework.boot.autoconfigure.web.BasicErrorController.error(javax.servlet.http.HttpServletRequest)
2017-11-01 15:30:18.400  INFO 3940 --- [main] s.w.s.m.m.a.RequestMappingHandlerMapping : Mapped "{[/error],produces=[text/html]}" onto public org.springframework.web.servlet.ModelAndView org.springframework.boot.autoconfigure.web.BasicErrorController.errorHtml(javax.servlet.http.HttpServletRequest,javax.servlet.http.HttpServletResponse)
2017-11-01 15:30:18.423  INFO 3940 --- [main] o.s.w.s.handler.SimpleUrlHandlerMapping  : Mapped URL path [/webjars/**] onto handler of type [class org.springframework.web.servlet.resource.ResourceHttpRequestHandler]
2017-11-01 15:30:18.423  INFO 3940 --- [main] o.s.w.s.handler.SimpleUrlHandlerMapping  : Mapped URL path [/**] onto handler of type [class org.springframework.web.servlet.resource.ResourceHttpRequestHandler]
2017-11-01 15:30:18.458  INFO 3940 --- [main] o.s.w.s.handler.SimpleUrlHandlerMapping  : Mapped URL path [/**/favicon.ico] onto handler of type [class org.springframework.web.servlet.resource.ResourceHttpRequestHandler]
2017-11-01 15:30:18.650  INFO 3940 --- [main] o.s.j.e.a.AnnotationMBeanExporter        : Registering beans for JMX exposure on startup
2017-11-01 15:30:18.653  INFO 3940 --- [main] o.s.j.e.a.AnnotationMBeanExporter        : Bean with name 'dataSource' has been autodetected for JMX exposure
2017-11-01 15:30:18.659  INFO 3940 --- [main] o.s.j.e.a.AnnotationMBeanExporter        : Located MBean 'dataSource': registering with JMX server as MBean [com.alibaba.druid.pool:name=dataSource,type=DruidDataSource]
2017-11-01 15:30:18.711  INFO 3940 --- [main] s.b.c.e.t.TomcatEmbeddedServletContainer : Tomcat started on port(s): 8080 (http)
2017-11-01 15:30:18.715  INFO 3940 --- [main] com.mybatis.SpringMybatisApplication     : Started SpringMybatisApplication in 2.818 seconds (JVM running for 3.101)
2017-11-01 15:31:07.212  INFO 3940 --- [http-nio-8080-exec-2] o.a.c.c.C.[Tomcat].[localhost].[/]       : Initializing Spring FrameworkServlet 'dispatcherServlet'
2017-11-01 15:31:07.213  INFO 3940 --- [http-nio-8080-exec-2] o.s.web.servlet.DispatcherServlet        : FrameworkServlet 'dispatcherServlet': initialization started
2017-11-01 15:31:07.228  INFO 3940 --- [http-nio-8080-exec-2] o.s.web.servlet.DispatcherServlet        : FrameworkServlet 'dispatcherServlet': initialization completed in 15 ms
2017-11-01 15:31:07.329  INFO 3940 --- [http-nio-8080-exec-2] com.mybatis.SpringMybatisApplication     : 增加
2017-11-01 15:31:07.495  INFO 3940 --- [http-nio-8080-exec-2] com.alibaba.druid.pool.DruidDataSource   : {dataSource-1} inited
2017-11-01 15:34:07.809 ERROR 8168 --- [main] o.s.b.l.LoggingApplicationListener       : Cannot set level: debug  for 'com.mybatis.controller'
2017-11-01 15:34:07.882  INFO 8168 --- [main] com.mybatis.SpringMybatisApplication     : Starting SpringMybatisApplication on oubili with PID 8168 (started by bili.ou in F:\self-study-project\[tz]springboot+mybatis\SpringBootMybatis)
2017-11-01 15:34:07.883  INFO 8168 --- [main] com.mybatis.SpringMybatisApplication     : No active profile set, falling back to default profiles: default
2017-11-01 15:34:07.926  INFO 8168 --- [main] ationConfigEmbeddedWebApplicationContext : Refreshing org.springframework.boot.context.embedded.AnnotationConfigEmbeddedWebApplicationContext@6156496: startup date [Wed Nov 01 15:34:07 CST 2017]; root of context hierarchy
2017-11-01 15:34:08.913  INFO 8168 --- [main] trationDelegate$BeanPostProcessorChecker : Bean 'org.springframework.transaction.annotation.ProxyTransactionManagementConfiguration' of type [org.springframework.transaction.annotation.ProxyTransactionManagementConfiguration$$EnhancerBySpringCGLIB$$c64e5023] is not eligible for getting processed by all BeanPostProcessors (for example: not eligible for auto-proxying)
2017-11-01 15:34:09.318  INFO 8168 --- [main] s.b.c.e.t.TomcatEmbeddedServletContainer : Tomcat initialized with port(s): 8080 (http)
2017-11-01 15:34:09.335  INFO 8168 --- [main] o.apache.catalina.core.StandardService   : Starting service Tomcat
2017-11-01 15:34:09.337  INFO 8168 --- [main] org.apache.catalina.core.StandardEngine  : Starting Servlet Engine: Apache Tomcat/8.5.11
2017-11-01 15:34:09.521  INFO 8168 --- [localhost-startStop-1] o.a.c.c.C.[Tomcat].[localhost].[/]       : Initializing Spring embedded WebApplicationContext
2017-11-01 15:34:09.521  INFO 8168 --- [localhost-startStop-1] o.s.web.context.ContextLoader            : Root WebApplicationContext: initialization completed in 1598 ms
2017-11-01 15:34:09.632  INFO 8168 --- [localhost-startStop-1] o.s.b.w.servlet.ServletRegistrationBean  : Mapping servlet: 'dispatcherServlet' to [/]
2017-11-01 15:34:09.636  INFO 8168 --- [localhost-startStop-1] o.s.b.w.servlet.FilterRegistrationBean   : Mapping filter: 'characterEncodingFilter' to: [/*]
2017-11-01 15:34:09.636  INFO 8168 --- [localhost-startStop-1] o.s.b.w.servlet.FilterRegistrationBean   : Mapping filter: 'hiddenHttpMethodFilter' to: [/*]
2017-11-01 15:34:09.636  INFO 8168 --- [localhost-startStop-1] o.s.b.w.servlet.FilterRegistrationBean   : Mapping filter: 'httpPutFormContentFilter' to: [/*]
2017-11-01 15:34:09.636  INFO 8168 --- [localhost-startStop-1] o.s.b.w.servlet.FilterRegistrationBean   : Mapping filter: 'requestContextFilter' to: [/*]
2017-11-01 15:34:10.146  INFO 8168 --- [main] s.w.s.m.m.a.RequestMappingHandlerAdapter : Looking for @ControllerAdvice: org.springframework.boot.context.embedded.AnnotationConfigEmbeddedWebApplicationContext@6156496: startup date [Wed Nov 01 15:34:07 CST 2017]; root of context hierarchy
2017-11-01 15:34:10.223  INFO 8168 --- [main] s.w.s.m.m.a.RequestMappingHandlerMapping : Mapped "{[/accountMybatisTwo/accounts],methods=[GET]}" onto public java.util.List<com.mybatis.entity.Account> com.mybatis.controller.AccountControllerTwo.getAccounts()
2017-11-01 15:34:10.224  INFO 8168 --- [main] s.w.s.m.m.a.RequestMappingHandlerMapping : Mapped "{[/accountMybatisTwo/account],methods=[POST]}" onto public int com.mybatis.controller.AccountControllerTwo.addAccount(java.lang.Integer,java.lang.String,double)
2017-11-01 15:34:10.225  INFO 8168 --- [main] s.w.s.m.m.a.RequestMappingHandlerMapping : Mapped "{[/accountMybatisTwo/account],methods=[DELETE]}" onto public int com.mybatis.controller.AccountControllerTwo.deleteAccount(java.lang.Integer)
2017-11-01 15:34:10.226  INFO 8168 --- [main] s.w.s.m.m.a.RequestMappingHandlerMapping : Mapped "{[/accountMybatisTwo/account],methods=[PATCH]}" onto public int com.mybatis.controller.AccountControllerTwo.updateAccount(java.lang.Integer,java.lang.String)
2017-11-01 15:34:10.227  INFO 8168 --- [main] s.w.s.m.m.a.RequestMappingHandlerMapping : Mapped "{[/error]}" onto public org.springframework.http.ResponseEntity<java.util.Map<java.lang.String, java.lang.Object>> org.springframework.boot.autoconfigure.web.BasicErrorController.error(javax.servlet.http.HttpServletRequest)
2017-11-01 15:34:10.227  INFO 8168 --- [main] s.w.s.m.m.a.RequestMappingHandlerMapping : Mapped "{[/error],produces=[text/html]}" onto public org.springframework.web.servlet.ModelAndView org.springframework.boot.autoconfigure.web.BasicErrorController.errorHtml(javax.servlet.http.HttpServletRequest,javax.servlet.http.HttpServletResponse)
2017-11-01 15:34:10.261  INFO 8168 --- [main] o.s.w.s.handler.SimpleUrlHandlerMapping  : Mapped URL path [/webjars/**] onto handler of type [class org.springframework.web.servlet.resource.ResourceHttpRequestHandler]
2017-11-01 15:34:10.261  INFO 8168 --- [main] o.s.w.s.handler.SimpleUrlHandlerMapping  : Mapped URL path [/**] onto handler of type [class org.springframework.web.servlet.resource.ResourceHttpRequestHandler]
2017-11-01 15:34:10.301  INFO 8168 --- [main] o.s.w.s.handler.SimpleUrlHandlerMapping  : Mapped URL path [/**/favicon.ico] onto handler of type [class org.springframework.web.servlet.resource.ResourceHttpRequestHandler]
2017-11-01 15:34:10.470  INFO 8168 --- [main] o.s.j.e.a.AnnotationMBeanExporter        : Registering beans for JMX exposure on startup
2017-11-01 15:34:10.471  INFO 8168 --- [main] o.s.j.e.a.AnnotationMBeanExporter        : Bean with name 'dataSource' has been autodetected for JMX exposure
2017-11-01 15:34:10.474  INFO 8168 --- [main] o.s.j.e.a.AnnotationMBeanExporter        : Located MBean 'dataSource': registering with JMX server as MBean [com.alibaba.druid.pool:name=dataSource,type=DruidDataSource]
2017-11-01 15:34:10.516  INFO 8168 --- [main] s.b.c.e.t.TomcatEmbeddedServletContainer : Tomcat started on port(s): 8080 (http)
2017-11-01 15:34:10.519  INFO 8168 --- [main] com.mybatis.SpringMybatisApplication     : Started SpringMybatisApplication in 2.933 seconds (JVM running for 3.206)
2017-11-01 15:34:39.864  INFO 8168 --- [http-nio-8080-exec-2] o.a.c.c.C.[Tomcat].[localhost].[/]       : Initializing Spring FrameworkServlet 'dispatcherServlet'
2017-11-01 15:34:39.864  INFO 8168 --- [http-nio-8080-exec-2] o.s.web.servlet.DispatcherServlet        : FrameworkServlet 'dispatcherServlet': initialization started
2017-11-01 15:34:39.880  INFO 8168 --- [http-nio-8080-exec-2] o.s.web.servlet.DispatcherServlet        : FrameworkServlet 'dispatcherServlet': initialization completed in 16 ms
2017-11-01 15:35:18.877 ERROR 12440 --- [main] o.s.b.l.LoggingApplicationListener       : Cannot set level: debug  for 'com.mybatis.controller'
2017-11-01 15:35:18.961  INFO 12440 --- [main] com.mybatis.SpringMybatisApplication     : Starting SpringMybatisApplication on oubili with PID 12440 (started by bili.ou in F:\self-study-project\[tz]springboot+mybatis\SpringBootMybatis)
2017-11-01 15:35:18.961  INFO 12440 --- [main] com.mybatis.SpringMybatisApplication     : No active profile set, falling back to default profiles: default
2017-11-01 15:35:19.008  INFO 12440 --- [main] ationConfigEmbeddedWebApplicationContext : Refreshing org.springframework.boot.context.embedded.AnnotationConfigEmbeddedWebApplicationContext@3f1d2e23: startup date [Wed Nov 01 15:35:19 CST 2017]; root of context hierarchy
2017-11-01 15:35:20.026  INFO 12440 --- [main] trationDelegate$BeanPostProcessorChecker : Bean 'org.springframework.transaction.annotation.ProxyTransactionManagementConfiguration' of type [org.springframework.transaction.annotation.ProxyTransactionManagementConfiguration$$EnhancerBySpringCGLIB$$5dcf691e] is not eligible for getting processed by all BeanPostProcessors (for example: not eligible for auto-proxying)
2017-11-01 15:35:20.382  INFO 12440 --- [main] s.b.c.e.t.TomcatEmbeddedServletContainer : Tomcat initialized with port(s): 8080 (http)
2017-11-01 15:35:20.395  INFO 12440 --- [main] o.apache.catalina.core.StandardService   : Starting service Tomcat
2017-11-01 15:35:20.396  INFO 12440 --- [main] org.apache.catalina.core.StandardEngine  : Starting Servlet Engine: Apache Tomcat/8.5.11
2017-11-01 15:35:20.523  INFO 12440 --- [localhost-startStop-1] o.a.c.c.C.[Tomcat].[localhost].[/]       : Initializing Spring embedded WebApplicationContext
2017-11-01 15:35:20.523  INFO 12440 --- [localhost-startStop-1] o.s.web.context.ContextLoader            : Root WebApplicationContext: initialization completed in 1520 ms
2017-11-01 15:35:20.667  INFO 12440 --- [localhost-startStop-1] o.s.b.w.servlet.ServletRegistrationBean  : Mapping servlet: 'dispatcherServlet' to [/]
2017-11-01 15:35:20.671  INFO 12440 --- [localhost-startStop-1] o.s.b.w.servlet.FilterRegistrationBean   : Mapping filter: 'characterEncodingFilter' to: [/*]
2017-11-01 15:35:20.672  INFO 12440 --- [localhost-startStop-1] o.s.b.w.servlet.FilterRegistrationBean   : Mapping filter: 'hiddenHttpMethodFilter' to: [/*]
2017-11-01 15:35:20.672  INFO 12440 --- [localhost-startStop-1] o.s.b.w.servlet.FilterRegistrationBean   : Mapping filter: 'httpPutFormContentFilter' to: [/*]
2017-11-01 15:35:20.672  INFO 12440 --- [localhost-startStop-1] o.s.b.w.servlet.FilterRegistrationBean   : Mapping filter: 'requestContextFilter' to: [/*]
2017-11-01 15:35:21.451  INFO 12440 --- [main] s.w.s.m.m.a.RequestMappingHandlerAdapter : Looking for @ControllerAdvice: org.springframework.boot.context.embedded.AnnotationConfigEmbeddedWebApplicationContext@3f1d2e23: startup date [Wed Nov 01 15:35:19 CST 2017]; root of context hierarchy
2017-11-01 15:35:21.525  INFO 12440 --- [main] s.w.s.m.m.a.RequestMappingHandlerMapping : Mapped "{[/accountMybatisTwo/accounts],methods=[GET]}" onto public java.util.List<com.mybatis.entity.Account> com.mybatis.controller.AccountControllerTwo.getAccounts()
2017-11-01 15:35:21.526  INFO 12440 --- [main] s.w.s.m.m.a.RequestMappingHandlerMapping : Mapped "{[/accountMybatisTwo/account],methods=[POST]}" onto public int com.mybatis.controller.AccountControllerTwo.addAccount(java.lang.Integer,java.lang.String,double)
2017-11-01 15:35:21.527  INFO 12440 --- [main] s.w.s.m.m.a.RequestMappingHandlerMapping : Mapped "{[/accountMybatisTwo/account],methods=[DELETE]}" onto public int com.mybatis.controller.AccountControllerTwo.deleteAccount(java.lang.Integer)
2017-11-01 15:35:21.527  INFO 12440 --- [main] s.w.s.m.m.a.RequestMappingHandlerMapping : Mapped "{[/accountMybatisTwo/account],methods=[PATCH]}" onto public int com.mybatis.controller.AccountControllerTwo.updateAccount(java.lang.Integer,java.lang.String)
2017-11-01 15:35:21.530  INFO 12440 --- [main] s.w.s.m.m.a.RequestMappingHandlerMapping : Mapped "{[/error]}" onto public org.springframework.http.ResponseEntity<java.util.Map<java.lang.String, java.lang.Object>> org.springframework.boot.autoconfigure.web.BasicErrorController.error(javax.servlet.http.HttpServletRequest)
2017-11-01 15:35:21.531  INFO 12440 --- [main] s.w.s.m.m.a.RequestMappingHandlerMapping : Mapped "{[/error],produces=[text/html]}" onto public org.springframework.web.servlet.ModelAndView org.springframework.boot.autoconfigure.web.BasicErrorController.errorHtml(javax.servlet.http.HttpServletRequest,javax.servlet.http.HttpServletResponse)
2017-11-01 15:35:21.571  INFO 12440 --- [main] o.s.w.s.handler.SimpleUrlHandlerMapping  : Mapped URL path [/webjars/**] onto handler of type [class org.springframework.web.servlet.resource.ResourceHttpRequestHandler]
2017-11-01 15:35:21.571  INFO 12440 --- [main] o.s.w.s.handler.SimpleUrlHandlerMapping  : Mapped URL path [/**] onto handler of type [class org.springframework.web.servlet.resource.ResourceHttpRequestHandler]
2017-11-01 15:35:21.623  INFO 12440 --- [main] o.s.w.s.handler.SimpleUrlHandlerMapping  : Mapped URL path [/**/favicon.ico] onto handler of type [class org.springframework.web.servlet.resource.ResourceHttpRequestHandler]
2017-11-01 15:35:21.961  INFO 12440 --- [main] o.s.j.e.a.AnnotationMBeanExporter        : Registering beans for JMX exposure on startup
2017-11-01 15:35:21.963  INFO 12440 --- [main] o.s.j.e.a.AnnotationMBeanExporter        : Bean with name 'dataSource' has been autodetected for JMX exposure
2017-11-01 15:35:21.967  INFO 12440 --- [main] o.s.j.e.a.AnnotationMBeanExporter        : Located MBean 'dataSource': registering with JMX server as MBean [com.alibaba.druid.pool:name=dataSource,type=DruidDataSource]
2017-11-01 15:35:22.033  INFO 12440 --- [main] s.b.c.e.t.TomcatEmbeddedServletContainer : Tomcat started on port(s): 8080 (http)
2017-11-01 15:35:22.037  INFO 12440 --- [main] com.mybatis.SpringMybatisApplication     : Started SpringMybatisApplication in 3.389 seconds (JVM running for 4.512)
2017-11-01 15:35:34.605  INFO 12440 --- [http-nio-8080-exec-1] o.a.c.c.C.[Tomcat].[localhost].[/]       : Initializing Spring FrameworkServlet 'dispatcherServlet'
2017-11-01 15:35:34.606  INFO 12440 --- [http-nio-8080-exec-1] o.s.web.servlet.DispatcherServlet        : FrameworkServlet 'dispatcherServlet': initialization started
2017-11-01 15:35:34.624  INFO 12440 --- [http-nio-8080-exec-1] o.s.web.servlet.DispatcherServlet        : FrameworkServlet 'dispatcherServlet': initialization completed in 18 ms
2017-11-01 15:36:04.534  INFO 12440 --- [http-nio-8080-exec-4] com.mybatis.SpringMybatisApplication     : 删除
2017-11-01 15:36:14.669  INFO 12440 --- [http-nio-8080-exec-4] com.alibaba.druid.pool.DruidDataSource   : {dataSource-1} inited
2017-11-01 15:37:11.541  INFO 12440 --- [http-nio-8080-exec-5] com.mybatis.SpringMybatisApplication     : 更新
2017-12-22 14:37:09.661 ERROR 8944 --- [main] o.s.b.l.LoggingApplicationListener       : Cannot set level: debug  for 'com.mybatis.controller'
2017-12-22 14:37:09.831  INFO 8944 --- [main] com.mybatis.SpringMybatisApplication     : Starting SpringMybatisApplication on oubili with PID 8944 (started by bili.ou in F:\self-study-project\[tz]springboot+mybatis\SpringBootMybatis)
2017-12-22 14:37:09.831  INFO 8944 --- [main] com.mybatis.SpringMybatisApplication     : No active profile set, falling back to default profiles: default
2017-12-22 14:37:09.882  INFO 8944 --- [main] ationConfigEmbeddedWebApplicationContext : Refreshing org.springframework.boot.context.embedded.AnnotationConfigEmbeddedWebApplicationContext@6156496: startup date [Fri Dec 22 14:37:09 CST 2017]; root of context hierarchy
2017-12-22 14:37:12.070  INFO 8944 --- [main] trationDelegate$BeanPostProcessorChecker : Bean 'org.springframework.transaction.annotation.ProxyTransactionManagementConfiguration' of type [org.springframework.transaction.annotation.ProxyTransactionManagementConfiguration$$EnhancerBySpringCGLIB$$7f3ac7c1] is not eligible for getting processed by all BeanPostProcessors (for example: not eligible for auto-proxying)
2017-12-22 14:37:12.462  INFO 8944 --- [main] s.b.c.e.t.TomcatEmbeddedServletContainer : Tomcat initialized with port(s): 8080 (http)
2017-12-22 14:37:12.489  INFO 8944 --- [main] o.apache.catalina.core.StandardService   : Starting service Tomcat
2017-12-22 14:37:12.490  INFO 8944 --- [main] org.apache.catalina.core.StandardEngine  : Starting Servlet Engine: Apache Tomcat/8.5.11
2017-12-22 14:37:12.617  INFO 8944 --- [localhost-startStop-1] o.a.c.c.C.[Tomcat].[localhost].[/]       : Initializing Spring embedded WebApplicationContext
2017-12-22 14:37:12.617  INFO 8944 --- [localhost-startStop-1] o.s.web.context.ContextLoader            : Root WebApplicationContext: initialization completed in 2739 ms
2017-12-22 14:37:12.774  INFO 8944 --- [localhost-startStop-1] o.s.b.w.servlet.ServletRegistrationBean  : Mapping servlet: 'dispatcherServlet' to [/]
2017-12-22 14:37:12.777  INFO 8944 --- [localhost-startStop-1] o.s.b.w.servlet.FilterRegistrationBean   : Mapping filter: 'characterEncodingFilter' to: [/*]
2017-12-22 14:37:12.778  INFO 8944 --- [localhost-startStop-1] o.s.b.w.servlet.FilterRegistrationBean   : Mapping filter: 'hiddenHttpMethodFilter' to: [/*]
2017-12-22 14:37:12.778  INFO 8944 --- [localhost-startStop-1] o.s.b.w.servlet.FilterRegistrationBean   : Mapping filter: 'httpPutFormContentFilter' to: [/*]
2017-12-22 14:37:12.778  INFO 8944 --- [localhost-startStop-1] o.s.b.w.servlet.FilterRegistrationBean   : Mapping filter: 'requestContextFilter' to: [/*]
2017-12-22 14:37:13.617  INFO 8944 --- [main] s.w.s.m.m.a.RequestMappingHandlerAdapter : Looking for @ControllerAdvice: org.springframework.boot.context.embedded.AnnotationConfigEmbeddedWebApplicationContext@6156496: startup date [Fri Dec 22 14:37:09 CST 2017]; root of context hierarchy
2017-12-22 14:37:13.686  INFO 8944 --- [main] s.w.s.m.m.a.RequestMappingHandlerMapping : Mapped "{[/accountMybatisTwo/account],methods=[PATCH]}" onto public int com.mybatis.controller.AccountControllerTwo.updateAccount(java.lang.Integer,java.lang.String)
2017-12-22 14:37:13.688  INFO 8944 --- [main] s.w.s.m.m.a.RequestMappingHandlerMapping : Mapped "{[/accountMybatisTwo/account],methods=[DELETE]}" onto public int com.mybatis.controller.AccountControllerTwo.deleteAccount(java.lang.Integer)
2017-12-22 14:37:13.688  INFO 8944 --- [main] s.w.s.m.m.a.RequestMappingHandlerMapping : Mapped "{[/accountMybatisTwo/accounts],methods=[GET]}" onto public java.util.List<com.mybatis.entity.Account> com.mybatis.controller.AccountControllerTwo.getAccounts()
2017-12-22 14:37:13.688  INFO 8944 --- [main] s.w.s.m.m.a.RequestMappingHandlerMapping : Mapped "{[/accountMybatisTwo/account],methods=[POST]}" onto public int com.mybatis.controller.AccountControllerTwo.addAccount(java.lang.Integer,java.lang.String,double)
2017-12-22 14:37:13.691  INFO 8944 --- [main] s.w.s.m.m.a.RequestMappingHandlerMapping : Mapped "{[/error]}" onto public org.springframework.http.ResponseEntity<java.util.Map<java.lang.String, java.lang.Object>> org.springframework.boot.autoconfigure.web.BasicErrorController.error(javax.servlet.http.HttpServletRequest)
2017-12-22 14:37:13.691  INFO 8944 --- [main] s.w.s.m.m.a.RequestMappingHandlerMapping : Mapped "{[/error],produces=[text/html]}" onto public org.springframework.web.servlet.ModelAndView org.springframework.boot.autoconfigure.web.BasicErrorController.errorHtml(javax.servlet.http.HttpServletRequest,javax.servlet.http.HttpServletResponse)
2017-12-22 14:37:13.745  INFO 8944 --- [main] o.s.w.s.handler.SimpleUrlHandlerMapping  : Mapped URL path [/webjars/**] onto handler of type [class org.springframework.web.servlet.resource.ResourceHttpRequestHandler]
2017-12-22 14:37:13.745  INFO 8944 --- [main] o.s.w.s.handler.SimpleUrlHandlerMapping  : Mapped URL path [/**] onto handler of type [class org.springframework.web.servlet.resource.ResourceHttpRequestHandler]
2017-12-22 14:37:13.781  INFO 8944 --- [main] o.s.w.s.handler.SimpleUrlHandlerMapping  : Mapped URL path [/**/favicon.ico] onto handler of type [class org.springframework.web.servlet.resource.ResourceHttpRequestHandler]
2017-12-22 14:37:14.025  INFO 8944 --- [main] o.s.j.e.a.AnnotationMBeanExporter        : Registering beans for JMX exposure on startup
2017-12-22 14:37:14.027  INFO 8944 --- [main] o.s.j.e.a.AnnotationMBeanExporter        : Bean with name 'dataSource' has been autodetected for JMX exposure
2017-12-22 14:37:14.033  INFO 8944 --- [main] o.s.j.e.a.AnnotationMBeanExporter        : Located MBean 'dataSource': registering with JMX server as MBean [com.alibaba.druid.pool:name=dataSource,type=DruidDataSource]
2017-12-22 14:37:14.137  INFO 8944 --- [main] s.b.c.e.t.TomcatEmbeddedServletContainer : Tomcat started on port(s): 8080 (http)
2017-12-22 14:37:14.141  INFO 8944 --- [main] com.mybatis.SpringMybatisApplication     : Started SpringMybatisApplication in 4.804 seconds (JVM running for 5.792)
2017-12-22 14:37:57.326  INFO 8944 --- [http-nio-8080-exec-1] o.a.c.c.C.[Tomcat].[localhost].[/]       : Initializing Spring FrameworkServlet 'dispatcherServlet'
2017-12-22 14:37:57.327  INFO 8944 --- [http-nio-8080-exec-1] o.s.web.servlet.DispatcherServlet        : FrameworkServlet 'dispatcherServlet': initialization started
2017-12-22 14:37:57.342  INFO 8944 --- [http-nio-8080-exec-1] o.s.web.servlet.DispatcherServlet        : FrameworkServlet 'dispatcherServlet': initialization completed in 15 ms
2017-12-22 14:42:23.985 ERROR 5832 --- [main] o.s.b.l.LoggingApplicationListener       : Cannot set level: debug  for 'com.mybatis.controller'
2017-12-22 14:42:24.054  INFO 5832 --- [main] com.mybatis.SpringMybatisApplication     : Starting SpringMybatisApplication on oubili with PID 5832 (started by bili.ou in F:\self-study-project\[tz]springboot+mybatis\SpringBootMybatis)
2017-12-22 14:42:24.054  INFO 5832 --- [main] com.mybatis.SpringMybatisApplication     : No active profile set, falling back to default profiles: default
2017-12-22 14:42:24.109  INFO 5832 --- [main] ationConfigEmbeddedWebApplicationContext : Refreshing org.springframework.boot.context.embedded.AnnotationConfigEmbeddedWebApplicationContext@6156496: startup date [Fri Dec 22 14:42:24 CST 2017]; root of context hierarchy
2017-12-22 14:42:24.939  INFO 5832 --- [main] trationDelegate$BeanPostProcessorChecker : Bean 'org.springframework.transaction.annotation.ProxyTransactionManagementConfiguration' of type [org.springframework.transaction.annotation.ProxyTransactionManagementConfiguration$$EnhancerBySpringCGLIB$$c0b5df9f] is not eligible for getting processed by all BeanPostProcessors (for example: not eligible for auto-proxying)
2017-12-22 14:42:25.277  INFO 5832 --- [main] s.b.c.e.t.TomcatEmbeddedServletContainer : Tomcat initialized with port(s): 8080 (http)
2017-12-22 14:42:25.292  INFO 5832 --- [main] o.apache.catalina.core.StandardService   : Starting service Tomcat
2017-12-22 14:42:25.293  INFO 5832 --- [main] org.apache.catalina.core.StandardEngine  : Starting Servlet Engine: Apache Tomcat/8.5.11
2017-12-22 14:42:25.382  INFO 5832 --- [localhost-startStop-1] o.a.c.c.C.[Tomcat].[localhost].[/]       : Initializing Spring embedded WebApplicationContext
2017-12-22 14:42:25.383  INFO 5832 --- [localhost-startStop-1] o.s.web.context.ContextLoader            : Root WebApplicationContext: initialization completed in 1277 ms
2017-12-22 14:42:25.518  INFO 5832 --- [localhost-startStop-1] o.s.b.w.servlet.ServletRegistrationBean  : Mapping servlet: 'dispatcherServlet' to [/]
2017-12-22 14:42:25.523  INFO 5832 --- [localhost-startStop-1] o.s.b.w.servlet.FilterRegistrationBean   : Mapping filter: 'characterEncodingFilter' to: [/*]
2017-12-22 14:42:25.524  INFO 5832 --- [localhost-startStop-1] o.s.b.w.servlet.FilterRegistrationBean   : Mapping filter: 'hiddenHttpMethodFilter' to: [/*]
2017-12-22 14:42:25.524  INFO 5832 --- [localhost-startStop-1] o.s.b.w.servlet.FilterRegistrationBean   : Mapping filter: 'httpPutFormContentFilter' to: [/*]
2017-12-22 14:42:25.524  INFO 5832 --- [localhost-startStop-1] o.s.b.w.servlet.FilterRegistrationBean   : Mapping filter: 'requestContextFilter' to: [/*]
2017-12-22 14:42:26.094  INFO 5832 --- [main] s.w.s.m.m.a.RequestMappingHandlerAdapter : Looking for @ControllerAdvice: org.springframework.boot.context.embedded.AnnotationConfigEmbeddedWebApplicationContext@6156496: startup date [Fri Dec 22 14:42:24 CST 2017]; root of context hierarchy
2017-12-22 14:42:26.151  INFO 5832 --- [main] s.w.s.m.m.a.RequestMappingHandlerMapping : Mapped "{[/accountMybatisTwo/account],methods=[DELETE]}" onto public int com.mybatis.controller.AccountControllerTwo.deleteAccount(java.lang.Integer)
2017-12-22 14:42:26.152  INFO 5832 --- [main] s.w.s.m.m.a.RequestMappingHandlerMapping : Mapped "{[/accountMybatisTwo/account],methods=[POST]}" onto public int com.mybatis.controller.AccountControllerTwo.addAccount(java.lang.Integer,java.lang.String,double)
2017-12-22 14:42:26.152  INFO 5832 --- [main] s.w.s.m.m.a.RequestMappingHandlerMapping : Mapped "{[/accountMybatisTwo/account],methods=[PATCH]}" onto public int com.mybatis.controller.AccountControllerTwo.updateAccount(java.lang.Integer,java.lang.String)
2017-12-22 14:42:26.152  INFO 5832 --- [main] s.w.s.m.m.a.RequestMappingHandlerMapping : Mapped "{[/accountMybatisTwo/accounts],methods=[GET]}" onto public java.util.List<com.mybatis.entity.Account> com.mybatis.controller.AccountControllerTwo.getAccounts()
2017-12-22 14:42:26.154  INFO 5832 --- [main] s.w.s.m.m.a.RequestMappingHandlerMapping : Mapped "{[/error]}" onto public org.springframework.http.ResponseEntity<java.util.Map<java.lang.String, java.lang.Object>> org.springframework.boot.autoconfigure.web.BasicErrorController.error(javax.servlet.http.HttpServletRequest)
2017-12-22 14:42:26.155  INFO 5832 --- [main] s.w.s.m.m.a.RequestMappingHandlerMapping : Mapped "{[/error],produces=[text/html]}" onto public org.springframework.web.servlet.ModelAndView org.springframework.boot.autoconfigure.web.BasicErrorController.errorHtml(javax.servlet.http.HttpServletRequest,javax.servlet.http.HttpServletResponse)
2017-12-22 14:42:26.176  INFO 5832 --- [main] o.s.w.s.handler.SimpleUrlHandlerMapping  : Mapped URL path [/webjars/**] onto handler of type [class org.springframework.web.servlet.resource.ResourceHttpRequestHandler]
2017-12-22 14:42:26.176  INFO 5832 --- [main] o.s.w.s.handler.SimpleUrlHandlerMapping  : Mapped URL path [/**] onto handler of type [class org.springframework.web.servlet.resource.ResourceHttpRequestHandler]
2017-12-22 14:42:26.209  INFO 5832 --- [main] o.s.w.s.handler.SimpleUrlHandlerMapping  : Mapped URL path [/**/favicon.ico] onto handler of type [class org.springframework.web.servlet.resource.ResourceHttpRequestHandler]
2017-12-22 14:42:26.385  INFO 5832 --- [main] o.s.j.e.a.AnnotationMBeanExporter        : Registering beans for JMX exposure on startup
2017-12-22 14:42:26.390  INFO 5832 --- [main] o.s.j.e.a.AnnotationMBeanExporter        : Bean with name 'dataSource' has been autodetected for JMX exposure
2017-12-22 14:42:26.393  INFO 5832 --- [main] o.s.j.e.a.AnnotationMBeanExporter        : Located MBean 'dataSource': registering with JMX server as MBean [com.alibaba.druid.pool:name=dataSource,type=DruidDataSource]
2017-12-22 14:42:26.447  INFO 5832 --- [main] s.b.c.e.t.TomcatEmbeddedServletContainer : Tomcat started on port(s): 8080 (http)
2017-12-22 14:42:26.451  INFO 5832 --- [main] com.mybatis.SpringMybatisApplication     : Started SpringMybatisApplication in 2.672 seconds (JVM running for 2.941)
2017-12-22 14:42:36.540  INFO 5832 --- [http-nio-8080-exec-1] o.a.c.c.C.[Tomcat].[localhost].[/]       : Initializing Spring FrameworkServlet 'dispatcherServlet'
2017-12-22 14:42:36.541  INFO 5832 --- [http-nio-8080-exec-1] o.s.web.servlet.DispatcherServlet        : FrameworkServlet 'dispatcherServlet': initialization started
2017-12-22 14:42:36.557  INFO 5832 --- [http-nio-8080-exec-1] o.s.web.servlet.DispatcherServlet        : FrameworkServlet 'dispatcherServlet': initialization completed in 16 ms
2017-12-22 14:44:21.361  INFO 5832 --- [http-nio-8080-exec-6] com.mybatis.SpringMybatisApplication     : This is an info message
2017-12-22 14:44:21.362  WARN 5832 --- [http-nio-8080-exec-6] com.mybatis.SpringMybatisApplication     : This is a warn message
2017-12-22 14:44:21.362 ERROR 5832 --- [http-nio-8080-exec-6] com.mybatis.SpringMybatisApplication     : This is an error message
2017-12-22 14:44:21.828  INFO 5832 --- [http-nio-8080-exec-6] com.alibaba.druid.pool.DruidDataSource   : {dataSource-1} inited
